[debug] [2023-06-16T07:59:19.482Z] ----------------------------------------------------------------------
[debug] [2023-06-16T07:59:19.484Z] Command:       C:\Program Files\nodejs\node.exe C:\Users\jegat\AppData\Roaming\npm\node_modules\firebase-tools\lib\bin\firebase.js init
[debug] [2023-06-16T07:59:19.485Z] CLI Version:   12.4.0
[debug] [2023-06-16T07:59:19.485Z] Platform:      win32
[debug] [2023-06-16T07:59:19.485Z] Node Version:  v16.13.0
[debug] [2023-06-16T07:59:19.486Z] Time:          Fri Jun 16 2023 13:29:19 GMT+0530 (India Standard Time)
[debug] [2023-06-16T07:59:19.487Z] ----------------------------------------------------------------------
[debug] 
[debug] [2023-06-16T07:59:19.496Z] > command requires scopes: ["email","openid","https://www.googleapis.com/auth/cloudplatformprojects.readonly","https://www.googleapis.com/auth/firebase","https://www.googleapis.com/auth/cloud-platform"]
[debug] [2023-06-16T07:59:19.497Z] > authorizing via signed-in user (jegath.e0219025@sret.edu.in)
[info] 
     ######## #### ########  ######## ########     ###     ######  ########
     ##        ##  ##     ## ##       ##     ##  ##   ##  ##       ##
     ######    ##  ########  ######   ########  #########  ######  ######
     ##        ##  ##    ##  ##       ##     ## ##     ##       ## ##
     ##       #### ##     ## ######## ########  ##     ##  ######  ########

You're about to initialize a Firebase project in this directory:

  C:\Users\jegat\Desktop\ppts\INT 510 - PHYS\WEBSITE

[info] 
=== Project Setup
[info] 
[info] First, let's associate this project directory with a Firebase project.
[info] You can create multiple project aliases by running firebase use --add, 
[info] but for now we'll just set up a default project.
[info] 
[debug] [2023-06-16T07:59:47.543Z] >>> [apiv2][query] GET https://firebase.googleapis.com/v1beta1/projects pageSize=100
[debug] [2023-06-16T07:59:48.675Z] <<< [apiv2][status] GET https://firebase.googleapis.com/v1beta1/projects 200
[debug] [2023-06-16T07:59:48.675Z] <<< [apiv2][body] GET https://firebase.googleapis.com/v1beta1/projects [omitted]
[info] i  Using project physics-simulations-9e3ba (PHYSICS SIMULATIONS) 
[info] 
=== Hosting Setup
[info] 
[info] Your public directory is the folder (relative to your project directory) that
[info] will contain Hosting assets to be uploaded with firebase deploy. If you
[info] have a build process for your assets, use your build's output directory.
[info] 
[debug] [2023-06-16T08:00:34.586Z] >>> [apiv2][query] GET https://www.gstatic.com/firebasejs/releases.json [none]
[debug] [2023-06-16T08:00:34.658Z] <<< [apiv2][status] GET https://www.gstatic.com/firebasejs/releases.json 200
[debug] [2023-06-16T08:00:34.659Z] <<< [apiv2][body] GET https://www.gstatic.com/firebasejs/releases.json {"current":{"version":"9.22.2","browserURL":"https://www.gstatic.com/firebasejs/9.22.2/firebase.js","packageURL":"https://www.gstatic.com/firebasejs/9.22.2/firebase.tgz"},"live":{"version":"9.22","browserURL":"https://www.gstatic.com/firebasejs/live/9.22/firebase.js","packageURL":"https://www.gstatic.com/firebasejs/live/9.22/firebase.tgz"},"components":{"analytics":"https://www.gstatic.com/firebasejs/9.22.2/firebase-analytics.js","app":"https://www.gstatic.com/firebasejs/9.22.2/firebase-app.js","app-check":"https://www.gstatic.com/firebasejs/9.22.2/firebase-app-check.js","auth":"https://www.gstatic.com/firebasejs/9.22.2/firebase-auth.js","auth/cordova":"https://www.gstatic.com/firebasejs/9.22.2/firebase-auth/cordova.js","auth/react-native":"https://www.gstatic.com/firebasejs/9.22.2/firebase-auth/react-native.js","functions":"https://www.gstatic.com/firebasejs/9.22.2/firebase-functions.js","firestore":"https://www.gstatic.com/firebasejs/9.22.2/firebase-firestore.js","firestore/lite":"https://www.gstatic.com/firebasejs/9.22.2/firebase-firestore/lite.js","installations":"https://www.gstatic.com/firebasejs/9.22.2/firebase-installations.js","storage":"https://www.gstatic.com/firebasejs/9.22.2/firebase-storage.js","performance":"https://www.gstatic.com/firebasejs/9.22.2/firebase-performance.js","remote-config":"https://www.gstatic.com/firebasejs/9.22.2/firebase-remote-config.js","messaging":"https://www.gstatic.com/firebasejs/9.22.2/firebase-messaging.js","messaging/sw":"https://www.gstatic.com/firebasejs/9.22.2/firebase-messaging/sw.js","database":"https://www.gstatic.com/firebasejs/9.22.2/firebase-database.js","firestore.memory":"https://www.gstatic.com/firebasejs/9.22.2/firebase-firestore.memory.js"}}
[info] +  Wrote public/index.html 
[info] 
[info] i  Didn't detect a .git folder. Assuming C:\Users\jegat\Desktop\ppts\INT 510 - PHYS\WEBSITE is the project root. 
[info] i  Authorizing with GitHub to upload your service account to a GitHub repository's secrets store. 
[info] 
[info] Visit this URL on this device to log in:
[info] https://github.com/login/oauth/authorize?client_id=89cf50f02ac6aaed3484&state=832497640&redirect_uri=http%3A%2F%2Flocalhost%3A9005&scope=read%3Auser%20repo%20public_repo
[info] 
[info] Waiting for authentication...
[debug] [2023-06-16T08:01:58.756Z] >>> [apiv2][query] POST https://github.com/login/oauth/access_token [none]
[debug] [2023-06-16T08:01:58.757Z] >>> [apiv2][body] POST https://github.com/login/oauth/access_token [stream]
[debug] [2023-06-16T08:01:59.345Z] <<< [apiv2][status] POST https://github.com/login/oauth/access_token 200
[debug] [2023-06-16T08:01:59.345Z] <<< [apiv2][body] POST https://github.com/login/oauth/access_token {"access_token":"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","token_type":"bearer","scope":"read:user,repo"}
[debug] [2023-06-16T08:01:59.358Z] >>> [apiv2][query] GET https://api.github.com/user [none]
[debug] [2023-06-16T08:01:59.955Z] <<< [apiv2][status] GET https://api.github.com/user 200
[debug] [2023-06-16T08:01:59.955Z] <<< [apiv2][body] GET https://api.github.com/user {"login":"jegath-ashwin-123","id":82258946,"node_id":"MDQ6VXNlcjgyMjU4OTQ2","avatar_url":"https://avatars.githubusercontent.com/u/82258946?v=4","gravatar_id":"","url":"https://api.github.com/users/jegath-ashwin-123","html_url":"https://github.com/jegath-ashwin-123","followers_url":"https://api.github.com/users/jegath-ashwin-123/followers","following_url":"https://api.github.com/users/jegath-ashwin-123/following{/other_user}","gists_url":"https://api.github.com/users/jegath-ashwin-123/gists{/gist_id}","starred_url":"https://api.github.com/users/jegath-ashwin-123/starred{/owner}{/repo}","subscriptions_url":"https://api.github.com/users/jegath-ashwin-123/subscriptions","organizations_url":"https://api.github.com/users/jegath-ashwin-123/orgs","repos_url":"https://api.github.com/users/jegath-ashwin-123/repos","events_url":"https://api.github.com/users/jegath-ashwin-123/events{/privacy}","received_events_url":"https://api.github.com/users/jegath-ashwin-123/received_events","type":"User","site_admin":false,"name":null,"company":null,"blog":"","location":null,"email":null,"hireable":null,"bio":null,"twitter_username":null,"public_repos":0,"public_gists":0,"followers":0,"following":1,"created_at":"2021-04-10T07:43:39Z","updated_at":"2022-11-30T04:39:15Z","private_gists":0,"total_private_repos":0,"owned_private_repos":0,"disk_usage":0,"collaborators":0,"two_factor_authentication":false,"plan":{"name":"free","space":976562499,"collaborators":0,"private_repos":10000}}
[info] 
[info] +  Success! Logged into GitHub as jegath-ashwin-123 
[info] 
